Сборка начата 05.11.2024 9:13:13.
Уровень детализации журнала: Normal.     1>Проект "C:\labs\ОС\lab9\OS09_02\OS09_02\OS09_02.vcxproj" в узле 2 (целевые объекты Build).
     1>PrepareForBuild:
         Создание каталога "C:\labs\ОС\lab9\OS09_02\x64\Debug\".
         Создание каталога "x64\Debug\OS09_02.tlog\".
       InitializeBuildStatus:
         Создание "x64\Debug\OS09_02.tlog\unsuccessfulbuild", так как было задано "AlwaysCreate".
       ClCompile:
         C:\vs ))))))))))\VC\Tools\MSVC\14.33.31629\bin\HostX64\x64\CL.exe /c /ZI /JMC /nologo /W3 /WX- /diagnostics:column /sdl /Od /D _DEBUG /D _CONSOLE /D _UNICODE /D UNICODE /Gm- /EHsc /RTC1 /MDd /GS /fp:precise /Zc:wchar_t /Zc:forScope /Zc:inline /permissive- /Fo"x64\Debug\\" /Fd"x64\Debug\vc143.pdb" /external:W3 /Gd /TP /FC /errorReport:prompt OS09_02.cpp
         OS09_02.cpp
     1>C:\labs\ОС\lab9\OS09_02\OS09_02\OS09_02.cpp(76,21): warning C4018: <: несоответствие типов со знаком и без знака
       Link:
         C:\vs ))))))))))\VC\Tools\MSVC\14.33.31629\bin\HostX64\x64\link.exe /ERRORREPORT:PROMPT /OUT:"C:\labs\ОС\lab9\OS09_02\x64\Debug\OS09_02.exe" /INCREMENTAL /ILK:"x64\Debug\OS09_02.ilk" /NOLOGO kernel32.lib user32.lib gdi32.lib winspool.lib comdlg32.lib advapi32.lib shell32.lib ole32.lib oleaut32.lib uuid.lib odbc32.lib odbccp32.lib /MANIFEST /MANIFESTUAC:"level='asInvoker' uiAccess='false'" /manifest:embed /DEBUG /PDB:"C:\labs\ОС\lab9\OS09_02\x64\Debug\OS09_02.pdb" /SUBSYSTEM:CONSOLE /TLBID:1 /DYNAMICBASE /NXCOMPAT /IMPLIB:"C:\labs\ОС\lab9\OS09_02\x64\Debug\OS09_02.lib" /MACHINE:X64 x64\Debug\OS09_02.obj
         OS09_02.vcxproj -> C:\labs\ОС\lab9\OS09_02\x64\Debug\OS09_02.exe
       FinalizeBuildStatus:
         Файл "x64\Debug\OS09_02.tlog\unsuccessfulbuild" удаляется.
         Обращение к "x64\Debug\OS09_02.tlog\OS09_02.lastbuildstate".
     1>Сборка проекта "C:\labs\ОС\lab9\OS09_02\OS09_02\OS09_02.vcxproj" завершена (целевые объекты Build).

Сборка успешно завершена.

       "C:\labs\ОС\lab9\OS09_02\OS09_02\OS09_02.vcxproj" (целевой объект Build ) (1) ->
       (Целевой объект ClCompile) -> 
         C:\labs\ОС\lab9\OS09_02\OS09_02\OS09_02.cpp(76,21): warning C4018: <: несоответствие типов со знаком и без знака

    Предупреждений: 1
    Ошибок: 0

Прошло времени 00:00:01.87
