Сборка начата 01.10.2024 0:04:17.
Уровень детализации журнала: Normal.     1>Проект "C:\labs\ОС\OS03_02\OS03_02_2\OS03_02_2.vcxproj" в узле 2 (целевые объекты Build).
     1>PrepareForBuild:
         Создание каталога "x64\Debug\OS03_02_2.tlog\".
       InitializeBuildStatus:
         Создание "x64\Debug\OS03_02_2.tlog\unsuccessfulbuild", так как было задано "AlwaysCreate".
       ClCompile:
         C:\vs ))))))))))\VC\Tools\MSVC\14.33.31629\bin\HostX64\x64\CL.exe /c /ZI /JMC /nologo /W3 /WX- /diagnostics:column /sdl /Od /D _DEBUG /D _CONSOLE /D _UNICODE /D UNICODE /Gm- /EHsc /RTC1 /MDd /GS /fp:precise /Zc:wchar_t /Zc:forScope /Zc:inline /permissive- /Fo"x64\Debug\\" /Fd"x64\Debug\vc143.pdb" /external:W3 /Gd /TP /FC /errorReport:prompt OS03_02_2.cpp
         OS03_02_2.cpp
       Link:
         C:\vs ))))))))))\VC\Tools\MSVC\14.33.31629\bin\HostX64\x64\link.exe /ERRORREPORT:PROMPT /OUT:"C:\labs\ОС\OS03_02\x64\Debug\OS03_02_2.exe" /INCREMENTAL /ILK:"x64\Debug\OS03_02_2.ilk" /NOLOGO kernel32.lib user32.lib gdi32.lib winspool.lib comdlg32.lib advapi32.lib shell32.lib ole32.lib oleaut32.lib uuid.lib odbc32.lib odbccp32.lib /MANIFEST /MANIFESTUAC:"level='asInvoker' uiAccess='false'" /manifest:embed /DEBUG /PDB:"C:\labs\ОС\OS03_02\x64\Debug\OS03_02_2.pdb" /SUBSYSTEM:CONSOLE /TLBID:1 /DYNAMICBASE /NXCOMPAT /IMPLIB:"C:\labs\ОС\OS03_02\x64\Debug\OS03_02_2.lib" /MACHINE:X64 x64\Debug\OS03_02_2.obj
         OS03_02_2.vcxproj -> C:\labs\ОС\OS03_02\x64\Debug\OS03_02_2.exe
       FinalizeBuildStatus:
         Файл "x64\Debug\OS03_02_2.tlog\unsuccessfulbuild" удаляется.
         Обращение к "x64\Debug\OS03_02_2.tlog\OS03_02_2.lastbuildstate".
     1>Сборка проекта "C:\labs\ОС\OS03_02\OS03_02_2\OS03_02_2.vcxproj" завершена (целевые объекты Build).

Сборка успешно завершена.
    Предупреждений: 0
    Ошибок: 0

Прошло времени 00:00:01.28
