Сборка начата 29.10.2024 1:22:13.
Уровень детализации журнала: Normal.     1>Проект "C:\labs\ОС\lab8\OS08_04\OS08_04\OS08_04.vcxproj" в узле 2 (целевые объекты Build).
     1>PrepareForBuild:
         Создание каталога "C:\labs\ОС\lab8\OS08_04\x64\Debug\".
         Создание каталога "x64\Debug\OS08_04.tlog\".
       InitializeBuildStatus:
         Создание "x64\Debug\OS08_04.tlog\unsuccessfulbuild", так как было задано "AlwaysCreate".
       ClCompile:
         C:\vs ))))))))))\VC\Tools\MSVC\14.33.31629\bin\HostX64\x64\CL.exe /c /ZI /JMC /nologo /W3 /WX- /diagnostics:column /sdl /Od /D _DEBUG /D _CONSOLE /D _UNICODE /D UNICODE /Gm- /EHsc /RTC1 /MDd /GS /fp:precise /Zc:wchar_t /Zc:forScope /Zc:inline /permissive- /Fo"x64\Debug\\" /Fd"x64\Debug\vc143.pdb" /external:W3 /Gd /TP /FC /errorReport:prompt OS08_04.cpp
         OS08_04.cpp
       Link:
         C:\vs ))))))))))\VC\Tools\MSVC\14.33.31629\bin\HostX64\x64\link.exe /ERRORREPORT:PROMPT /OUT:"C:\labs\ОС\lab8\OS08_04\x64\Debug\OS08_04.exe" /INCREMENTAL /ILK:"x64\Debug\OS08_04.ilk" /NOLOGO kernel32.lib user32.lib gdi32.lib winspool.lib comdlg32.lib advapi32.lib shell32.lib ole32.lib oleaut32.lib uuid.lib odbc32.lib odbccp32.lib /MANIFEST /MANIFESTUAC:"level='asInvoker' uiAccess='false'" /manifest:embed /DEBUG /PDB:"C:\labs\ОС\lab8\OS08_04\x64\Debug\OS08_04.pdb" /SUBSYSTEM:CONSOLE /TLBID:1 /DYNAMICBASE /NXCOMPAT /IMPLIB:"C:\labs\ОС\lab8\OS08_04\x64\Debug\OS08_04.lib" /MACHINE:X64 x64\Debug\OS08_04.obj
         OS08_04.vcxproj -> C:\labs\ОС\lab8\OS08_04\x64\Debug\OS08_04.exe
       FinalizeBuildStatus:
         Файл "x64\Debug\OS08_04.tlog\unsuccessfulbuild" удаляется.
         Обращение к "x64\Debug\OS08_04.tlog\OS08_04.lastbuildstate".
     1>Сборка проекта "C:\labs\ОС\lab8\OS08_04\OS08_04\OS08_04.vcxproj" завершена (целевые объекты Build).

Сборка успешно завершена.
    Предупреждений: 0
    Ошибок: 0

Прошло времени 00:00:01.87
