Сборка начата 22.10.2024 10:48:54.
Уровень детализации журнала: Normal.     1>Проект "C:\labs\ОС\lab7\OS07_04\OS07_04X\OS07_04X.vcxproj" в узле 2 (целевые объекты Build).
     1>InitializeBuildStatus:
         Создание "x64\Debug\OS07_04X.tlog\unsuccessfulbuild", так как было задано "AlwaysCreate".
       ClCompile:
         C:\vs ))))))))))\VC\Tools\MSVC\14.33.31629\bin\HostX64\x64\CL.exe /c /ZI /JMC /nologo /W3 /WX- /diagnostics:column /sdl /Od /D _DEBUG /D _CONSOLE /D _UNICODE /D UNICODE /Gm- /EHsc /RTC1 /MDd /GS /fp:precise /Zc:wchar_t /Zc:forScope /Zc:inline /permissive- /Fo"x64\Debug\\" /Fd"x64\Debug\vc143.pdb" /external:W3 /Gd /TP /FC /errorReport:prompt OS07_04X.cpp
         OS07_04X.cpp
     1>C:\labs\ОС\lab7\OS07_04\OS07_04X\OS07_04X.cpp(27,14): warning C4244: аргумент: преобразование "__int64" в "int", возможна потеря данных
       Link:
         C:\vs ))))))))))\VC\Tools\MSVC\14.33.31629\bin\HostX64\x64\link.exe /ERRORREPORT:PROMPT /OUT:"C:\labs\ОС\lab7\OS07_04\x64\Debug\OS07_04X.exe" /INCREMENTAL /ILK:"x64\Debug\OS07_04X.ilk" /NOLOGO kernel32.lib user32.lib gdi32.lib winspool.lib comdlg32.lib advapi32.lib shell32.lib ole32.lib oleaut32.lib uuid.lib odbc32.lib odbccp32.lib /MANIFEST /MANIFESTUAC:"level='asInvoker' uiAccess='false'" /manifest:embed /DEBUG /PDB:"C:\labs\ОС\lab7\OS07_04\x64\Debug\OS07_04X.pdb" /SUBSYSTEM:CONSOLE /TLBID:1 /DYNAMICBASE /NXCOMPAT /IMPLIB:"C:\labs\ОС\lab7\OS07_04\x64\Debug\OS07_04X.lib" /MACHINE:X64 x64\Debug\OS07_04X.obj
         OS07_04X.vcxproj -> C:\labs\ОС\lab7\OS07_04\x64\Debug\OS07_04X.exe
       FinalizeBuildStatus:
         Файл "x64\Debug\OS07_04X.tlog\unsuccessfulbuild" удаляется.
         Обращение к "x64\Debug\OS07_04X.tlog\OS07_04X.lastbuildstate".
     1>Сборка проекта "C:\labs\ОС\lab7\OS07_04\OS07_04X\OS07_04X.vcxproj" завершена (целевые объекты Build).

Сборка успешно завершена.

       "C:\labs\ОС\lab7\OS07_04\OS07_04X\OS07_04X.vcxproj" (целевой объект Build ) (1) ->
       (Целевой объект ClCompile) -> 
         C:\labs\ОС\lab7\OS07_04\OS07_04X\OS07_04X.cpp(27,14): warning C4244: аргумент: преобразование "__int64" в "int", возможна потеря данных

    Предупреждений: 1
    Ошибок: 0

Прошло времени 00:00:01.22
